<?xml version="1.0" encoding="UTF-8"?>
<!-- Generated by org.testng.reporters.JUnitReportReporter -->
<testsuite hostname="LTIN255069" failures="0" tests="4" name="test.Main" time="138.346" errors="0" timestamp="2023-06-20T14:09:05 IST" skipped="0">
  <testcase classname="test.Main" name="search" time="8.709"/>
  <testcase classname="test.Main" name="retrieveCourse" time="42.742"/>
  <testcase classname="test.Main" name="retrieveLanguageLevel" time="25.027"/>
  <testcase classname="test.Main" name="retrieveErrorMessage" time="61.868"/>
</testsuite> <!-- test.Main -->
