<?xml version="1.0" encoding="UTF-8"?>
<!-- Generated by org.testng.reporters.JUnitReportReporter -->
<testsuite hostname="LTIN255069" failures="0" tests="3" name="test.Main" time="168.613" errors="0" timestamp="2023-06-26T15:48:27 IST" skipped="0">
  <testcase classname="test.Main" name="searchAndRetrieveCourses" time="113.172"/>
  <testcase classname="test.Main" name="retrieveLanguageLevel" time="15.062"/>
  <testcase classname="test.Main" name="retrieveErrorMessage" time="40.379"/>
</testsuite> <!-- test.Main -->
